<?xml version="1.0" encoding="UTF-8"?>
<testsuite xmlns:xsi="http://www.w3.org/2001/XMLSchema-instance" xsi:noNamespaceSchemaLocation="https://maven.apache.org/surefire/maven-surefire-plugin/xsd/surefire-test-report-3.0.xsd" version="3.0" name="com.robot.robot_simulator.AppTest" time="0.11" tests="5" errors="0" skipped="0" failures="0">
  <properties>
[...]
</properties>
  <testcase name="testNoInputEndsGracefully" classname="com.robot.robot_simulator.AppTest" time="0.057"/>
  <testcase name="testAppFlowWithInitializationAndCommands" classname="com.robot.robot_simulator.AppTest" time="0.006"/>
  <testcase name="testInvalidGridSizeFormat" classname="com.robot.robot_simulator.AppTest" time="0.004"/>
  <testcase name="testCommandBeforeInitialization" classname="com.robot.robot_simulator.AppTest" time="0.002"/>
  <testcase name="testGridSizeZeroShowsError" classname="com.robot.robot_simulator.AppTest" time="0"/>
</testsuite>