<?xml version="1.0" encoding="UTF-8"?>
<testsuite xmlns:xsi="http://www.w3.org/2001/XMLSchema-instance" xsi:noNamespaceSchemaLocation="https://maven.apache.org/surefire/maven-surefire-plugin/xsd/surefire-test-report-3.0.xsd" version="3.0" name="com.robot.robot_simulator.RobotTest" time="0.012" tests="13" errors="0" skipped="0" failures="0">
  <properties>
[...]
</properties>
  <testcase name="testBoundaryNorthLimit" classname="com.robot.robot_simulator.RobotTest" time="0.003"/>
  <testcase name="testMoveWestBoundary" classname="com.robot.robot_simulator.RobotTest" time="0"/>
  <testcase name="testTurnLeftAllDirections" classname="com.robot.robot_simulator.RobotTest" time="0"/>
  <testcase name="testPenUpDoesNotMarkGrid" classname="com.robot.robot_simulator.RobotTest" time="0"/>
  <testcase name="testBoundaryEastLimit" classname="com.robot.robot_simulator.RobotTest" time="0"/>
  <testcase name="testTurnRightAllDirections" classname="com.robot.robot_simulator.RobotTest" time="0.005"/>
  <testcase name="testPenDownMarksGrid" classname="com.robot.robot_simulator.RobotTest" time="0"/>
  <testcase name="testMoveEast" classname="com.robot.robot_simulator.RobotTest" time="0"/>
  <testcase name="testComplexMoveAndTurnSequence" classname="com.robot.robot_simulator.RobotTest" time="0"/>
  <testcase name="testMoveSouthBoundary" classname="com.robot.robot_simulator.RobotTest" time="0"/>
  <testcase name="testMoveNorth" classname="com.robot.robot_simulator.RobotTest" time="0"/>
  <testcase name="testInitialStatus" classname="com.robot.robot_simulator.RobotTest" time="0.001"/>
  <testcase name="testSetAndGetPenDown" classname="com.robot.robot_simulator.RobotTest" time="0"/>
</testsuite>